<?xml version="1.0" encoding="UTF-8"?>
<testng-results ignored="0" total="1" passed="1" failed="0" skipped="0">
  <reporter-output>
  </reporter-output>
  <suite started-at="2021-05-01T13:33:54 IST" name="Default suite" finished-at="2021-05-01T13:34:02 IST" duration-ms="7826">
    <groups>
    </groups>
    <test started-at="2021-05-01T13:33:54 IST" name="Default test" finished-at="2021-05-01T13:34:02 IST" duration-ms="7826">
      <class name="com.automation.test.DragandDrop">
        <test-method is-config="true" signature="beforeSuite()[pri:0, instance:com.automation.test.DragandDrop@6d4e5011]" started-at="2021-05-01T13:33:54 IST" name="beforeSuite" finished-at="2021-05-01T13:33:54 IST" duration-ms="5" status="PASS">
          <reporter-output>
          </reporter-output>
        </test-method> <!-- beforeSuite -->
        <test-method is-config="true" signature="beforemethod()[pri:0, instance:com.automation.test.DragandDrop@6d4e5011]" started-at="2021-05-01T13:33:54 IST" name="beforemethod" finished-at="2021-05-01T13:33:56 IST" duration-ms="1508" status="PASS">
          <reporter-output>
          </reporter-output>
        </test-method> <!-- beforemethod -->
        <test-method signature="DragDrop()[pri:0, instance:com.automation.test.DragandDrop@6d4e5011]" started-at="2021-05-01T13:33:56 IST" name="DragDrop" finished-at="2021-05-01T13:34:01 IST" duration-ms="5631" status="PASS">
          <reporter-output>
          </reporter-output>
        </test-method> <!-- DragDrop -->
        <test-method is-config="true" signature="logout(org.testng.ITestResult)[pri:0, instance:com.automation.test.DragandDrop@6d4e5011]" started-at="2021-05-01T13:34:01 IST" name="logout" finished-at="2021-05-01T13:34:02 IST" duration-ms="666" status="PASS">
          <params>
            <param index="0">
              <value>
                <![CDATA[[TestResult name=DragDrop status=SUCCESS method=DragandDrop.DragDrop()[pri:0, instance:com.automation.test.DragandDrop@6d4e5011] output={null}]]]>
              </value>
            </param>
          </params>
          <reporter-output>
          </reporter-output>
        </test-method> <!-- logout -->
      </class> <!-- com.automation.test.DragandDrop -->
    </test> <!-- Default test -->
  </suite> <!-- Default suite -->
</testng-results>
