<?xml version="1.0" encoding="UTF-8"?>
<testng-results ignored="0" total="1" passed="1" failed="0" skipped="0">
  <reporter-output>
  </reporter-output>
  <suite started-at="2021-06-20T15:05:16 IST" name="Default suite" finished-at="2021-06-20T15:05:16 IST" duration-ms="35">
    <groups>
    </groups>
    <test started-at="2021-06-20T15:05:16 IST" name="Default test" finished-at="2021-06-20T15:05:16 IST" duration-ms="35">
      <class name="com.automation.test.SoftAssertion">
        <test-method signature="test()[pri:0, instance:com.automation.test.SoftAssertion@693fe6c9]" started-at="2021-06-20T15:05:16 IST" name="test" finished-at="2021-06-20T15:05:16 IST" duration-ms="8" status="PASS">
          <reporter-output>
          </reporter-output>
        </test-method> <!-- test -->
      </class> <!-- com.automation.test.SoftAssertion -->
    </test> <!-- Default test -->
  </suite> <!-- Default suite -->
</testng-results>
